<?xml version='1.0'?>
<ns2:test-suite xmlns:ns2='urn:model.allure.qatools.yandex.ru' start='1646843149905' stop='1646843149919'>
    <name>The Internet Guinea Pig Website: As a user, I can log into the secure area</name>
    <title>The Internet Guinea Pig Website: As a user, I can log into the secure area</title>
    <test-cases>
        <test-case start='1646843149907' status='passed' stop='1646843149910'>
            <name></name>
            <title></title>
            <labels>
                <label name='language' value='javascript'/>
                <label name='framework' value='wdio'/>
                <label name='thread' value='0-0'/>
            </labels>
            <parameters>
                <parameter kind='argument' name='browser' value='chrome-99.0.4844.51'/>
            </parameters>
            <steps/>
            <attachments/>
        </test-case>
        <test-case start='1646843149911' status='broken' stop='1646843149914'>
            <name>Given I am on the login page</name>
            <title>Given I am on the login page</title>
            <labels>
                <label name='language' value='javascript'/>
                <label name='framework' value='wdio'/>
                <label name='thread' value='0-0'/>
            </labels>
            <parameters>
                <parameter kind='argument' name='browser' value='chrome-99.0.4844.51'/>
            </parameters>
            <steps/>
            <attachments/>
            <failure>
                <message>Step "I am on the login page" is not defined. You can ignore this error by setting cucumberOpts.ignoreUndefinedDefinitions as true.</message>
                <stack-trace>Step "I am on the login page" is not defined. You can ignore this error by setting cucumberOpts.ignoreUndefinedDefinitions as true.
                	at Feature(D:\wdio-tutorial\test\features\login.feature):1:1
                	at Scenario(As a user, I can log into the secure area):3:3
                	at Step(I am on the login page):5:5
                </stack-trace>
            </failure>
        </test-case>
        <test-case start='1646843149914' status='broken' stop='1646843149914'>
            <name>When I login with tomsmith and SuperSecretPassword!</name>
            <title>When I login with tomsmith and SuperSecretPassword!</title>
            <labels>
                <label name='language' value='javascript'/>
                <label name='framework' value='wdio'/>
                <label name='thread' value='0-0'/>
            </labels>
            <parameters>
                <parameter kind='argument' name='browser' value='chrome-99.0.4844.51'/>
            </parameters>
            <steps/>
            <attachments/>
            <failure>
                <message>Step "I login with tomsmith and SuperSecretPassword!" is not defined. You can ignore this error by setting cucumberOpts.ignoreUndefinedDefinitions as true.</message>
                <stack-trace>Step "I login with tomsmith and SuperSecretPassword!" is not defined. You can ignore this error by setting cucumberOpts.ignoreUndefinedDefinitions as true.
                	at Feature(D:\wdio-tutorial\test\features\login.feature):1:1
                	at Scenario(As a user, I can log into the secure area):3:3
                	at Step(I login with &lt;username> and &lt;password>):6:5
                </stack-trace>
            </failure>
        </test-case>
        <test-case start='1646843149915' status='broken' stop='1646843149915'>
            <name>Then I should see a flash message saying You logged into a secure area!</name>
            <title>Then I should see a flash message saying You logged into a secure area!</title>
            <labels>
                <label name='language' value='javascript'/>
                <label name='framework' value='wdio'/>
                <label name='thread' value='0-0'/>
            </labels>
            <parameters>
                <parameter kind='argument' name='browser' value='chrome-99.0.4844.51'/>
            </parameters>
            <steps/>
            <attachments/>
            <failure>
                <message>Step "I should see a flash message saying You logged into a secure area!" is not defined. You can ignore this error by setting cucumberOpts.ignoreUndefinedDefinitions as true.</message>
                <stack-trace>Step "I should see a flash message saying You logged into a secure area!" is not defined. You can ignore this error by setting cucumberOpts.ignoreUndefinedDefinitions as true.
                	at Feature(D:\wdio-tutorial\test\features\login.feature):1:1
                	at Scenario(As a user, I can log into the secure area):3:3
                	at Step(I should see a flash message saying &lt;message>):7:5
                </stack-trace>
            </failure>
        </test-case>
        <test-case start='1646843149916' status='passed' stop='1646843149917'>
            <name></name>
            <title></title>
            <labels>
                <label name='language' value='javascript'/>
                <label name='framework' value='wdio'/>
                <label name='thread' value='0-0'/>
            </labels>
            <parameters>
                <parameter kind='argument' name='browser' value='chrome-99.0.4844.51'/>
            </parameters>
            <steps/>
            <attachments/>
        </test-case>
    </test-cases>
</ns2:test-suite>