<?xml version='1.0'?>
<ns2:test-suite xmlns:ns2='urn:model.allure.qatools.yandex.ru' start='1646845182919' stop='1646845184197'>
    <name>The Internet Guinea Pig Website: As a user, I can log into the secure area</name>
    <title>The Internet Guinea Pig Website: As a user, I can log into the secure area</title>
    <test-cases>
        <test-case start='1646845182919' status='passed' stop='1646845182920'>
            <name></name>
            <title></title>
            <labels>
                <label name='language' value='javascript'/>
                <label name='framework' value='wdio'/>
                <label name='thread' value='0-0'/>
            </labels>
            <parameters>
                <parameter kind='argument' name='browser' value='chrome-99.0.4844.51'/>
            </parameters>
            <steps/>
            <attachments/>
        </test-case>
        <test-case start='1646845182920' status='passed' stop='1646845184195'>
            <name>Given load login page</name>
            <title>Given load login page</title>
            <labels>
                <label name='language' value='javascript'/>
                <label name='framework' value='wdio'/>
                <label name='thread' value='0-0'/>
            </labels>
            <parameters>
                <parameter kind='argument' name='browser' value='chrome-99.0.4844.51'/>
            </parameters>
            <steps>
                <step start='1646845182920' status='passed' stop='1646845183177'>
                    <name>POST /session/:sessionId/url</name>
                    <title>POST /session/:sessionId/url</title>
                    <attachments>
                        <attachment title='Request' source='68443b41-5339-4033-901b-4f1ddf95745f-attachment.json' type='application/json' size='54'/>
                    </attachments>
                    <steps/>
                </step>
            </steps>
            <attachments/>
        </test-case>
        <test-case start='1646845184195' status='broken' stop='1646845184196'>
            <name>When set "username" textField on "loginForm" is "dotam1236@gmail.com"</name>
            <title>When set "username" textField on "loginForm" is "dotam1236@gmail.com"</title>
            <labels>
                <label name='language' value='javascript'/>
                <label name='framework' value='wdio'/>
                <label name='thread' value='0-0'/>
            </labels>
            <parameters>
                <parameter kind='argument' name='browser' value='chrome-99.0.4844.51'/>
            </parameters>
            <steps/>
            <attachments/>
            <failure>
                <message>Step "set "username" textField on "loginForm" is "dotam1236@gmail.com"" is not defined. You can ignore this error by setting cucumberOpts.ignoreUndefinedDefinitions as true.</message>
                <stack-trace>Step "set "username" textField on "loginForm" is "dotam1236@gmail.com"" is not defined. You can ignore this error by setting cucumberOpts.ignoreUndefinedDefinitions as true.
                	at Feature(D:\wdio-tutorial\test\features\demo\login.feature):1:1
                	at Scenario(As a user, I can log into the secure area):3:3
                	at Step(set "username" textField on "loginForm" is "dotam1236@gmail.com"):6:5
                </stack-trace>
            </failure>
        </test-case>
        <test-case start='1646845184196' status='broken' stop='1646845184196'>
            <name>When set "password" textField on "loginForm" is "tester"</name>
            <title>When set "password" textField on "loginForm" is "tester"</title>
            <labels>
                <label name='language' value='javascript'/>
                <label name='framework' value='wdio'/>
                <label name='thread' value='0-0'/>
            </labels>
            <parameters>
                <parameter kind='argument' name='browser' value='chrome-99.0.4844.51'/>
            </parameters>
            <steps/>
            <attachments/>
            <failure>
                <message>Step "set "password" textField on "loginForm" is "tester"" is not defined. You can ignore this error by setting cucumberOpts.ignoreUndefinedDefinitions as true.</message>
                <stack-trace>Step "set "password" textField on "loginForm" is "tester"" is not defined. You can ignore this error by setting cucumberOpts.ignoreUndefinedDefinitions as true.
                	at Feature(D:\wdio-tutorial\test\features\demo\login.feature):1:1
                	at Scenario(As a user, I can log into the secure area):3:3
                	at Step(set "password" textField on "loginForm" is "tester"):7:5
                </stack-trace>
            </failure>
        </test-case>
        <test-case start='1646845184197' status='passed' stop='1646845184197'>
            <name></name>
            <title></title>
            <labels>
                <label name='language' value='javascript'/>
                <label name='framework' value='wdio'/>
                <label name='thread' value='0-0'/>
            </labels>
            <parameters>
                <parameter kind='argument' name='browser' value='chrome-99.0.4844.51'/>
            </parameters>
            <steps/>
            <attachments/>
        </test-case>
    </test-cases>
</ns2:test-suite>